<?xml version="1.0" encoding="UTF-8"?>
<testng-results skipped="0" failed="0" ignored="0" total="2" passed="2">
  <reporter-output>
  </reporter-output>
  <suite name="Default suite" duration-ms="3599" started-at="2022-06-04T06:37:31Z" finished-at="2022-06-04T06:37:34Z">
    <groups>
    </groups>
    <test name="Default test" duration-ms="3599" started-at="2022-06-04T06:37:31Z" finished-at="2022-06-04T06:37:34Z">
      <class name="restApiXML.XMLTest">
        <test-method status="PASS" signature="test1()[pri:0, instance:restApiXML.XMLTest@69b0fd6f]" name="test1" duration-ms="2208" started-at="2022-06-04T06:37:31Z" finished-at="2022-06-04T06:37:33Z">
          <reporter-output>
          </reporter-output>
        </test-method> <!-- test1 -->
        <test-method status="PASS" signature="test2()[pri:0, instance:restApiXML.XMLTest@69b0fd6f]" name="test2" duration-ms="1366" started-at="2022-06-04T06:37:33Z" finished-at="2022-06-04T06:37:34Z">
          <reporter-output>
          </reporter-output>
        </test-method> <!-- test2 -->
      </class> <!-- restApiXML.XMLTest -->
    </test> <!-- Default test -->
  </suite> <!-- Default suite -->
</testng-results>
